Using pre-set license
Built from '2022.1/staging' branch; Version is '2022.1.17f1 (2d349551e475) revision 2962581'; Using compiler version '192829333'; Build Type 'Release'
OS: 'Windows 10  (10.0.19045) 64bit Core' Language: 'en' Physical Memory: 16309 MB
BatchMode: 1, IsHumanControllingUs: 0, StartBugReporterOnCrash: 0, Is64bit: 1, IsPro: 1

COMMAND LINE ARGUMENTS:
C:\Program Files\Unity\Hub\Editor\2022.1.17f1\Editor\Unity.exe
-adb2
-batchMode
-noUpm
-name
AssetImportWorker5
-projectPath
F:/Hackathon/E3D Proof
-logFile
Logs/AssetImportWorker5.log
-srvPort
59235
Successfully changed project path to: F:/Hackathon/E3D Proof
F:/Hackathon/E3D Proof
[UnityMemory] Configuration Parameters - Can be set up in boot.config
    "memorysetup-bucket-allocator-granularity=16"
    "memorysetup-bucket-allocator-bucket-count=8"
    "memorysetup-bucket-allocator-block-size=33554432"
    "memorysetup-bucket-allocator-block-count=8"
    "memorysetup-main-allocator-block-size=16777216"
    "memorysetup-thread-allocator-block-size=16777216"
    "memorysetup-gfx-main-allocator-block-size=16777216"
    "memorysetup-gfx-thread-allocator-block-size=16777216"
    "memorysetup-cache-allocator-block-size=4194304"
    "memorysetup-typetree-allocator-block-size=2097152"
    "memorysetup-profiler-bucket-allocator-granularity=16"
    "memorysetup-profiler-bucket-allocator-bucket-count=8"
    "memorysetup-profiler-bucket-allocator-block-size=33554432"
    "memorysetup-profiler-bucket-allocator-block-count=8"
    "memorysetup-profiler-allocator-block-size=16777216"
    "memorysetup-profiler-editor-allocator-block-size=1048576"
    "memorysetup-temp-allocator-size-main=16777216"
    "memorysetup-job-temp-allocator-block-size=2097152"
    "memorysetup-job-temp-allocator-block-size-background=1048576"
    "memorysetup-job-temp-allocator-reduction-small-platforms=262144"
    "memorysetup-temp-allocator-size-background-worker=32768"
    "memorysetup-temp-allocator-size-job-worker=262144"
    "memorysetup-temp-allocator-size-preload-manager=33554432"
    "memorysetup-temp-allocator-size-nav-mesh-worker=65536"
    "memorysetup-temp-allocator-size-audio-worker=65536"
    "memorysetup-temp-allocator-size-cloud-worker=32768"
    "memorysetup-temp-allocator-size-gi-baking-worker=262144"
    "memorysetup-temp-allocator-size-gfx=262144"
Refreshing native plugins compatible for Editor in 141.77 ms, found 9 plugins.
Preloading 0 native plugins for Editor in 0.00 ms.
Initialize engine version: 2022.1.17f1 (2d349551e475)
[Subsystems] Discovering subsystems at path C:/Program Files/Unity/Hub/Editor/2022.1.17f1/Editor/Data/Resources/UnitySubsystems
[Subsystems] Discovering subsystems at path F:/Hackathon/E3D Proof/Assets
GfxDevice: creating device client; threaded=0; jobified=0
Direct3D:
    Version:  Direct3D 11.0 [level 11.1]
    Renderer: NVIDIA T600 (ID=0x1fb1)
    Vendor:   NVIDIA
    VRAM:     3964 MB
Initialize mono
Mono path[0] = 'C:/Program Files/Unity/Hub/Editor/2022.1.17f1/Editor/Data/Managed'
Mono path[1] = 'C:/Program Files/Unity/Hub/Editor/2022.1.17f1/Editor/Data/MonoBleedingEdge/lib/mono/unityjit-win32'
Mono config path = 'C:/Program Files/Unity/Hub/Editor/2022.1.17f1/Editor/Data/MonoBleedingEdge/etc'
Using monoOptions --debugger-agent=transport=dt_socket,embedding=1,server=y,suspend=n,address=127.0.0.1:56288
Begin MonoManager ReloadAssembly
Registering precompiled unity dll's ...
Register platform support module: C:/Program Files/Unity/Hub/Editor/2022.1.17f1/Editor/Data/PlaybackEngines/AndroidPlayer/UnityEditor.Android.Extensions.dll
Register platform support module: C:/Program Files/Unity/Hub/Editor/2022.1.17f1/Editor/Data/PlaybackEngines/WindowsStandaloneSupport/UnityEditor.WindowsStandalone.Extensions.dll
Register platform support module: C:/Program Files/Unity/Hub/Editor/2022.1.17f1/Editor/Data/PlaybackEngines/MetroSupport/UnityEditor.UWP.Extensions.dll
Registered in 0.006593 seconds.
Native extension for UWP target not found
Native extension for WindowsStandalone target not found
Native extension for Android target not found
Refreshing native plugins compatible for Editor in 72.70 ms, found 9 plugins.
Preloading 0 native plugins for Editor in 0.00 ms.
Mono: successfully reloaded assembly
- Completed reload, in  0.476 seconds
Domain Reload Profiling:
	ReloadAssembly (476ms)
		BeginReloadAssembly (50ms)
			ExecutionOrderSort (0ms)
			DisableScriptedObjects (0ms)
			BackupInstance (0ms)
			ReleaseScriptingObjects (0ms)
			CreateAndSetChildDomain (1ms)
		EndReloadAssembly (351ms)
			LoadAssemblies (49ms)
			RebuildTransferFunctionScriptingTraits (0ms)
			SetupTypeCache (75ms)
				TypeCache.Initialize (75ms)
					TypeCache.ScanAssembly (74ms)
				ResolveRequiredComponents (0ms)
			ReleaseScriptCaches (0ms)
			RebuildScriptCaches (17ms)
			SetupLoadedEditorAssemblies (221ms)
				LogAssemblyErrors (0ms)
				InitializePlatformSupportModulesInManaged (41ms)
				SetLoadedEditorAssemblies (5ms)
				RefreshPlugins (73ms)
				BeforeProcessingInitializeOnLoad (1ms)
				ProcessInitializeOnLoadAttributes (72ms)
				ProcessInitializeOnLoadMethodAttributes (29ms)
				AfterProcessingInitializeOnLoad (0ms)
				EditorAssembliesLoaded (0ms)
			ExecutionOrderSort2 (0ms)
			AwakeInstancesAfterBackupRestoration (0ms)
Platform modules already initialized, skipping
Registering precompiled user dll's ...
Registered in 0.004335 seconds.
Android Extension - Scanning For ADB Devices 626 ms
Begin MonoManager ReloadAssembly
Symbol file LoadedFromMemory doesn't match image F:\Hackathon\E3D Proof\Library\PackageCache\com.unity.visualscripting@1.7.8\Editor\VisualScripting.Core\Dependencies\DotNetZip\Unity.VisualScripting.IonicZip.dll
Symbol file LoadedFromMemory doesn't match image F:\Hackathon\E3D Proof\Library\PackageCache\com.unity.visualscripting@1.7.8\Editor\VisualScripting.Core\Dependencies\YamlDotNet\Unity.VisualScripting.YamlDotNet.dll
Native extension for UWP target not found
Native extension for WindowsStandalone target not found
Native extension for Android target not found
Refreshing native plugins compatible for Editor in 67.51 ms, found 9 plugins.
Preloading 0 native plugins for Editor in 0.00 ms.
Package Manager log level set to [2]
[Package Manager] Server::EnsureServerProcessIsRunning -- launch failed, reason: Unity was launched with the -noUpm command-line argument
[Package Manager] UpmClient::Send -- Unable to send message (not connected to UPM process).
[Package Manager] Cannot connect to Unity Package Manager local server
Mono: successfully reloaded assembly
[Package Manager] Server::EnsureServerProcessIsRunning -- launch failed, reason: Unity was launched with the -noUpm command-line argument
[Package Manager] UpmClient::Send -- Unable to send message (not connected to UPM process).
[Package Manager] Cannot connect to Unity Package Manager local server
[Package Manager] Server::EnsureServerProcessIsRunning -- launch failed, reason: Unity was launched with the -noUpm command-line argument
[Package Manager] UpmClient::Send -- Unable to send message (not connected to UPM process).
[Package Manager] Cannot connect to Unity Package Manager local server
- Completed reload, in  0.960 seconds
Domain Reload Profiling:
	ReloadAssembly (961ms)
		BeginReloadAssembly (83ms)
			ExecutionOrderSort (0ms)
			DisableScriptedObjects (4ms)
			BackupInstance (0ms)
			ReleaseScriptingObjects (0ms)
			CreateAndSetChildDomain (18ms)
		EndReloadAssembly (799ms)
			LoadAssemblies (141ms)
			RebuildTransferFunctionScriptingTraits (0ms)
			SetupTypeCache (194ms)
				TypeCache.Initialize (190ms)
					TypeCache.ScanAssembly (186ms)
				ResolveRequiredComponents (4ms)
			ReleaseScriptCaches (1ms)
			RebuildScriptCaches (40ms)
			SetupLoadedEditorAssemblies (387ms)
				LogAssemblyErrors (0ms)
				InitializePlatformSupportModulesInManaged (11ms)
				SetLoadedEditorAssemblies (4ms)
				RefreshPlugins (68ms)
				BeforeProcessingInitializeOnLoad (79ms)
				ProcessInitializeOnLoadAttributes (195ms)
				ProcessInitializeOnLoadMethodAttributes (23ms)
				AfterProcessingInitializeOnLoad (6ms)
				EditorAssembliesLoaded (0ms)
			ExecutionOrderSort2 (0ms)
			AwakeInstancesAfterBackupRestoration (4ms)
Platform modules already initialized, skipping
========================================================================
Worker process is ready to serve import requests
Launched and connected shader compiler UnityShaderCompiler.exe after 0.04 seconds
Refreshing native plugins compatible for Editor in 0.86 ms, found 9 plugins.
Preloading 0 native plugins for Editor in 0.00 ms.
Unloading 4562 Unused Serialized files (Serialized files now loaded: 0)
Unloading 48 unused Assets / (61.9 KB). Loaded Objects now: 5009.
Memory consumption went from 0.68 GB to 0.68 GB.
Total: 3.247600 ms (FindLiveObjects: 0.291900 ms CreateObjectMapping: 0.111600 ms MarkObjects: 2.772300 ms  DeleteObjects: 0.070900 ms)

AssetImportParameters requested are different than current active one (requested -> active):
  custom:video-decoder-ogg-theora: a1e56fd34408186e4bbccfd4996cb3dc -> 
  custom:container-muxer-webm: aa71ff27fc2769a1b78a27578f13a17b -> 
  custom:container-demuxer-webm: 4f35f7cbe854078d1ac9338744f61a02 -> 
  custom:video-encoder-webm-vp8: eb34c28f22e8b96e1ab97ce403110664 -> 
  custom:audio-encoder-webm-vorbis: bf7c407c2cedff20999df2af8eb42d56 -> 
  custom:framework-win-MediaFoundation: 216162199b28c13a410421893ffa2e32 -> 
  custom:container-demuxer-ogg: 62fdf1f143b41e24485cea50d1cbac27 -> 
  custom:video-decoder-webm-vp8: 9c59270c3fd7afecdb556c50c9e8de78 -> 
  custom:audio-decoder-ogg-vorbis: bf7c407c2cedff20999df2af8eb42d56 -> 
========================================================================
Received Prepare
Refreshing native plugins compatible for Editor in 5.38 ms, found 9 plugins.
Preloading 0 native plugins for Editor in 0.00 ms.
Unloading 38 Unused Serialized files (Serialized files now loaded: 0)
Unloading 38 unused Assets / (30.8 KB). Loaded Objects now: 5009.
Memory consumption went from 82.7 MB to 82.7 MB.
Total: 3.318800 ms (FindLiveObjects: 0.303400 ms CreateObjectMapping: 0.339200 ms MarkObjects: 2.658700 ms  DeleteObjects: 0.017100 ms)

AssetImportParameters requested are different than current active one (requested -> active):
  custom:video-decoder-ogg-theora: a1e56fd34408186e4bbccfd4996cb3dc -> 
  custom:container-muxer-webm: aa71ff27fc2769a1b78a27578f13a17b -> 
  custom:container-demuxer-webm: 4f35f7cbe854078d1ac9338744f61a02 -> 
  custom:video-encoder-webm-vp8: eb34c28f22e8b96e1ab97ce403110664 -> 
  custom:audio-encoder-webm-vorbis: bf7c407c2cedff20999df2af8eb42d56 -> 
  custom:framework-win-MediaFoundation: 216162199b28c13a410421893ffa2e32 -> 
  custom:container-demuxer-ogg: 62fdf1f143b41e24485cea50d1cbac27 -> 
  custom:video-decoder-webm-vp8: 9c59270c3fd7afecdb556c50c9e8de78 -> 
  custom:audio-decoder-ogg-vorbis: bf7c407c2cedff20999df2af8eb42d56 -> 
========================================================================
Received Import Request.
  Time since last request: 12888.321182 seconds.
  path: Assets/Materials/PlaneMaterial.mat
  artifactKey: Guid(fb77b78ea8005df4690b055525d319cc) Importer(815301076,1909f56bfc062723c751e8b465ee728b)
Start importing Assets/Materials/PlaneMaterial.mat using Guid(fb77b78ea8005df4690b055525d319cc) Importer(815301076,1909f56bfc062723c751e8b465ee728b)  -> (artifact id: 'ef797e4598eb1bd7896c4142f639f33e') in 0.212360 seconds 
========================================================================
Received Import Request.
  Time since last request: 0.627386 seconds.
  path: Assets/Materials/Textures/AmbientOcclusion_gimp_jpeg@channels=R.jpeg
  artifactKey: Guid(d36cfc10fbcd3b64b90b6c69c8aa5ee8) Importer(815301076,1909f56bfc062723c751e8b465ee728b)
Start importing Assets/Materials/Textures/AmbientOcclusion_gimp_jpeg@channels=R.jpeg using Guid(d36cfc10fbcd3b64b90b6c69c8aa5ee8) Importer(815301076,1909f56bfc062723c751e8b465ee728b)  -> (artifact id: '2f186a0c9daaf003100967b7ba0682c0') in 0.093032 seconds 
========================================================================
Received Import Request.
  Time since last request: 0.000020 seconds.
  path: Assets/Materials/Textures/Pancreas.mat
  artifactKey: Guid(770791081aceb5b41aa7dd7134720369) Importer(815301076,1909f56bfc062723c751e8b465ee728b)
Start importing Assets/Materials/Textures/Pancreas.mat using Guid(770791081aceb5b41aa7dd7134720369) Importer(815301076,1909f56bfc062723c751e8b465ee728b)  -> (artifact id: '0451faec1ac4deb158275bf479aee855') in 0.030297 seconds 
========================================================================
Received Import Request.
  Time since last request: 0.000016 seconds.
  path: Assets/Materials/Textures/hart_UV_low01_Normal.hart_UV_low_defaultMat.png
  artifactKey: Guid(6c27f0daa8d000c4aa5e6d8d335b4602) Importer(815301076,1909f56bfc062723c751e8b465ee728b)
Start importing Assets/Materials/Textures/hart_UV_low01_Normal.hart_UV_low_defaultMat.png using Guid(6c27f0daa8d000c4aa5e6d8d335b4602) Importer(815301076,1909f56bfc062723c751e8b465ee728b)  -> (artifact id: '666f58570192263bee9a45571266fb96') in 0.045477 seconds 
========================================================================
Received Import Request.
  Time since last request: 0.000016 seconds.
  path: Assets/Materials/Textures/Normals_gimp_jpeg.jpeg
  artifactKey: Guid(fe7914effcb0f1548a0b8bcc0313454c) Importer(815301076,1909f56bfc062723c751e8b465ee728b)
Start importing Assets/Materials/Textures/Normals_gimp_jpeg.jpeg using Guid(fe7914effcb0f1548a0b8bcc0313454c) Importer(815301076,1909f56bfc062723c751e8b465ee728b)  -> (artifact id: '54bcf625d6b4d5bc121370097db5a4dc') in 0.052459 seconds 
========================================================================
Received Import Request.
  Time since last request: 0.000018 seconds.
  path: Assets/Materials/Textures/Channel_Njure grundmaterial_Diffuse.tif
  artifactKey: Guid(563a1955641d89d42a446917805fc710) Importer(815301076,1909f56bfc062723c751e8b465ee728b)
Start importing Assets/Materials/Textures/Channel_Njure grundmaterial_Diffuse.tif using Guid(563a1955641d89d42a446917805fc710) Importer(815301076,1909f56bfc062723c751e8b465ee728b)  -> (artifact id: '87922837ce5764102a7fc085cb165b44') in 0.063134 seconds 
========================================================================
Received Import Request.
  Time since last request: 0.000035 seconds.
  path: Assets/Materials/Textures/bronchial_tree_07_01_16_nm_jpg.jpeg
  artifactKey: Guid(cbc8968955543ad4da65e00ba28a5d93) Importer(815301076,1909f56bfc062723c751e8b465ee728b)
Start importing Assets/Materials/Textures/bronchial_tree_07_01_16_nm_jpg.jpeg using Guid(cbc8968955543ad4da65e00ba28a5d93) Importer(815301076,1909f56bfc062723c751e8b465ee728b)  -> (artifact id: '756131223f33d50bf980f5573321444f') in 0.020733 seconds 
========================================================================
Received Import Request.
  Time since last request: 0.000016 seconds.
  path: Assets/Materials/Textures/NORMAL.png
  artifactKey: Guid(4f1a974da1b13834280f6452ead99c50) Importer(815301076,1909f56bfc062723c751e8b465ee728b)
Start importing Assets/Materials/Textures/NORMAL.png using Guid(4f1a974da1b13834280f6452ead99c50) Importer(815301076,1909f56bfc062723c751e8b465ee728b)  -> (artifact id: '6a91eec3f9618919cccefbaba6aebbb4') in 0.031056 seconds 
========================================================================
Received Import Request.
  Time since last request: 0.000017 seconds.
  path: Assets/Materials/Textures/diaphragm_08_24_16_512_tex_jpg.jpeg
  artifactKey: Guid(dbf8c1bf95b5a9949ada317f154b3802) Importer(815301076,1909f56bfc062723c751e8b465ee728b)
Start importing Assets/Materials/Textures/diaphragm_08_24_16_512_tex_jpg.jpeg using Guid(dbf8c1bf95b5a9949ada317f154b3802) Importer(815301076,1909f56bfc062723c751e8b465ee728b)  -> (artifact id: '721a85d404b157b850b3bb639f7a8b96') in 0.016155 seconds 
========================================================================
Received Import Request.
  Time since last request: 0.000023 seconds.
  path: Assets/Materials/Textures/Diaphragm.mat
  artifactKey: Guid(90c2015df8b076c4fbc52465cc650580) Importer(815301076,1909f56bfc062723c751e8b465ee728b)
Start importing Assets/Materials/Textures/Diaphragm.mat using Guid(90c2015df8b076c4fbc52465cc650580) Importer(815301076,1909f56bfc062723c751e8b465ee728b)  -> (artifact id: 'df37d3ec9f8e371f1d65ec5ba4610b6f') in 0.013994 seconds 
========================================================================
Received Import Request.
  Time since last request: 0.000026 seconds.
  path: Assets/Materials/Textures/Diffuse_gimp_jpeg.jpeg
  artifactKey: Guid(3528f4bf99c955e479719a7256324eaa) Importer(815301076,1909f56bfc062723c751e8b465ee728b)
Start importing Assets/Materials/Textures/Diffuse_gimp_jpeg.jpeg using Guid(3528f4bf99c955e479719a7256324eaa) Importer(815301076,1909f56bfc062723c751e8b465ee728b)  -> (artifact id: '5c8ccdcb5759848573e963da887e5a6b') in 0.038471 seconds 
========================================================================
Received Import Request.
  Time since last request: 0.000019 seconds.
  path: Assets/Materials/Textures/COLOR.png
  artifactKey: Guid(92ee2fb8d9dc2af49bffb5912fd45f14) Importer(815301076,1909f56bfc062723c751e8b465ee728b)
Start importing Assets/Materials/Textures/COLOR.png using Guid(92ee2fb8d9dc2af49bffb5912fd45f14) Importer(815301076,1909f56bfc062723c751e8b465ee728b)  -> (artifact id: '2da7c271c188ea4ad27678ed2a714e9e') in 0.023562 seconds 
========================================================================
Received Import Request.
  Time since last request: 0.000018 seconds.
  path: Assets/Materials/Textures/bronchial_tree_07_01_16_tex_jpg.jpeg
  artifactKey: Guid(097d3dbeb718b3c458f05c4501d45b85) Importer(815301076,1909f56bfc062723c751e8b465ee728b)
Start importing Assets/Materials/Textures/bronchial_tree_07_01_16_tex_jpg.jpeg using Guid(097d3dbeb718b3c458f05c4501d45b85) Importer(815301076,1909f56bfc062723c751e8b465ee728b)  -> (artifact id: 'fe7fb36c09d3f8ac5611b5a7300417d7') in 0.022373 seconds 
========================================================================
Received Import Request.
  Time since last request: 0.000018 seconds.
  path: Assets/Materials/Textures/Digestive system.mat
  artifactKey: Guid(c510915626423ae47b00d5364fcee1f8) Importer(815301076,1909f56bfc062723c751e8b465ee728b)
Start importing Assets/Materials/Textures/Digestive system.mat using Guid(c510915626423ae47b00d5364fcee1f8) Importer(815301076,1909f56bfc062723c751e8b465ee728b)  -> (artifact id: '066d90c13792448fdf4f21f08b1224dd') in 0.040488 seconds 
========================================================================
Received Import Request.
  Time since last request: 0.000028 seconds.
  path: Assets/Materials/Textures/DigestiveSystem_bump.jpg
  artifactKey: Guid(ba86cebe4a400a543858bce329b8ff32) Importer(815301076,1909f56bfc062723c751e8b465ee728b)
Start importing Assets/Materials/Textures/DigestiveSystem_bump.jpg using Guid(ba86cebe4a400a543858bce329b8ff32) Importer(815301076,1909f56bfc062723c751e8b465ee728b)  -> (artifact id: '215a8f7a22a3ab1e384372cd06500190') in 0.047023 seconds 
========================================================================
Received Import Request.
  Time since last request: 10.941885 seconds.
  path: Assets/Materials/Textures/eyeSpecular.jpg
  artifactKey: Guid(19d2fb18a7e8d0547bdc51530eee54cf) Importer(815301076,1909f56bfc062723c751e8b465ee728b)
Start importing Assets/Materials/Textures/eyeSpecular.jpg using Guid(19d2fb18a7e8d0547bdc51530eee54cf) Importer(815301076,1909f56bfc062723c751e8b465ee728b)  -> (artifact id: 'c46ba9cbebdeab7d5bcbe4941ec15674') in 0.061949 seconds 
Editor requested this worker to shutdown with reason: Scaling down because of idle timeout
AssetImportWorker is now disconnected from the server
Process exiting
Exiting without the bug reporter. Application will terminate with return code 0