Using pre-set license
Built from '2022.1/staging' branch; Version is '2022.1.17f1 (2d349551e475) revision 2962581'; Using compiler version '192829333'; Build Type 'Release'
OS: 'Windows 10  (10.0.19045) 64bit Core' Language: 'en' Physical Memory: 16309 MB
BatchMode: 1, IsHumanControllingUs: 0, StartBugReporterOnCrash: 0, Is64bit: 1, IsPro: 1

COMMAND LINE ARGUMENTS:
C:\Program Files\Unity\Hub\Editor\2022.1.17f1\Editor\Unity.exe
-adb2
-batchMode
-noUpm
-name
AssetImportWorker4
-projectPath
F:/Hackathon/E3D Proof
-logFile
Logs/AssetImportWorker4.log
-srvPort
65414
Successfully changed project path to: F:/Hackathon/E3D Proof
F:/Hackathon/E3D Proof
[UnityMemory] Configuration Parameters - Can be set up in boot.config
    "memorysetup-bucket-allocator-granularity=16"
    "memorysetup-bucket-allocator-bucket-count=8"
    "memorysetup-bucket-allocator-block-size=33554432"
    "memorysetup-bucket-allocator-block-count=8"
    "memorysetup-main-allocator-block-size=16777216"
    "memorysetup-thread-allocator-block-size=16777216"
    "memorysetup-gfx-main-allocator-block-size=16777216"
    "memorysetup-gfx-thread-allocator-block-size=16777216"
    "memorysetup-cache-allocator-block-size=4194304"
    "memorysetup-typetree-allocator-block-size=2097152"
    "memorysetup-profiler-bucket-allocator-granularity=16"
    "memorysetup-profiler-bucket-allocator-bucket-count=8"
    "memorysetup-profiler-bucket-allocator-block-size=33554432"
    "memorysetup-profiler-bucket-allocator-block-count=8"
    "memorysetup-profiler-allocator-block-size=16777216"
    "memorysetup-profiler-editor-allocator-block-size=1048576"
    "memorysetup-temp-allocator-size-main=16777216"
    "memorysetup-job-temp-allocator-block-size=2097152"
    "memorysetup-job-temp-allocator-block-size-background=1048576"
    "memorysetup-job-temp-allocator-reduction-small-platforms=262144"
    "memorysetup-temp-allocator-size-background-worker=32768"
    "memorysetup-temp-allocator-size-job-worker=262144"
    "memorysetup-temp-allocator-size-preload-manager=33554432"
    "memorysetup-temp-allocator-size-nav-mesh-worker=65536"
    "memorysetup-temp-allocator-size-audio-worker=65536"
    "memorysetup-temp-allocator-size-cloud-worker=32768"
    "memorysetup-temp-allocator-size-gi-baking-worker=262144"
    "memorysetup-temp-allocator-size-gfx=262144"
Refreshing native plugins compatible for Editor in 85.85 ms, found 9 plugins.
Preloading 0 native plugins for Editor in 0.00 ms.
Initialize engine version: 2022.1.17f1 (2d349551e475)
[Subsystems] Discovering subsystems at path C:/Program Files/Unity/Hub/Editor/2022.1.17f1/Editor/Data/Resources/UnitySubsystems
[Subsystems] Discovering subsystems at path F:/Hackathon/E3D Proof/Assets
GfxDevice: creating device client; threaded=0; jobified=0
Direct3D:
    Version:  Direct3D 11.0 [level 11.1]
    Renderer: NVIDIA T600 (ID=0x1fb1)
    Vendor:   NVIDIA
    VRAM:     3964 MB
Initialize mono
Mono path[0] = 'C:/Program Files/Unity/Hub/Editor/2022.1.17f1/Editor/Data/Managed'
Mono path[1] = 'C:/Program Files/Unity/Hub/Editor/2022.1.17f1/Editor/Data/MonoBleedingEdge/lib/mono/unityjit-win32'
Mono config path = 'C:/Program Files/Unity/Hub/Editor/2022.1.17f1/Editor/Data/MonoBleedingEdge/etc'
Using monoOptions --debugger-agent=transport=dt_socket,embedding=1,server=y,suspend=n,address=127.0.0.1:56364
Begin MonoManager ReloadAssembly
Registering precompiled unity dll's ...
Register platform support module: C:/Program Files/Unity/Hub/Editor/2022.1.17f1/Editor/Data/PlaybackEngines/AndroidPlayer/UnityEditor.Android.Extensions.dll
Register platform support module: C:/Program Files/Unity/Hub/Editor/2022.1.17f1/Editor/Data/PlaybackEngines/WindowsStandaloneSupport/UnityEditor.WindowsStandalone.Extensions.dll
Register platform support module: C:/Program Files/Unity/Hub/Editor/2022.1.17f1/Editor/Data/PlaybackEngines/MetroSupport/UnityEditor.UWP.Extensions.dll
Registered in 0.006224 seconds.
Native extension for UWP target not found
Native extension for WindowsStandalone target not found
Native extension for Android target not found
Refreshing native plugins compatible for Editor in 69.33 ms, found 9 plugins.
Preloading 0 native plugins for Editor in 0.00 ms.
Mono: successfully reloaded assembly
- Completed reload, in  0.488 seconds
Domain Reload Profiling:
	ReloadAssembly (489ms)
		BeginReloadAssembly (53ms)
			ExecutionOrderSort (0ms)
			DisableScriptedObjects (0ms)
			BackupInstance (0ms)
			ReleaseScriptingObjects (0ms)
			CreateAndSetChildDomain (1ms)
		EndReloadAssembly (359ms)
			LoadAssemblies (51ms)
			RebuildTransferFunctionScriptingTraits (0ms)
			SetupTypeCache (82ms)
				TypeCache.Initialize (82ms)
					TypeCache.ScanAssembly (81ms)
				ResolveRequiredComponents (0ms)
			ReleaseScriptCaches (0ms)
			RebuildScriptCaches (17ms)
			SetupLoadedEditorAssemblies (221ms)
				LogAssemblyErrors (0ms)
				InitializePlatformSupportModulesInManaged (41ms)
				SetLoadedEditorAssemblies (5ms)
				RefreshPlugins (69ms)
				BeforeProcessingInitializeOnLoad (1ms)
				ProcessInitializeOnLoadAttributes (75ms)
				ProcessInitializeOnLoadMethodAttributes (29ms)
				AfterProcessingInitializeOnLoad (0ms)
				EditorAssembliesLoaded (0ms)
			ExecutionOrderSort2 (0ms)
			AwakeInstancesAfterBackupRestoration (0ms)
Platform modules already initialized, skipping
Registering precompiled user dll's ...
Registered in 0.004511 seconds.
Android Extension - Scanning For ADB Devices 644 ms
Begin MonoManager ReloadAssembly
Symbol file LoadedFromMemory doesn't match image F:\Hackathon\E3D Proof\Library\PackageCache\com.unity.visualscripting@1.7.8\Editor\VisualScripting.Core\Dependencies\DotNetZip\Unity.VisualScripting.IonicZip.dll
Symbol file LoadedFromMemory doesn't match image F:\Hackathon\E3D Proof\Library\PackageCache\com.unity.visualscripting@1.7.8\Editor\VisualScripting.Core\Dependencies\YamlDotNet\Unity.VisualScripting.YamlDotNet.dll
Native extension for UWP target not found
Native extension for WindowsStandalone target not found
Native extension for Android target not found
Refreshing native plugins compatible for Editor in 67.97 ms, found 9 plugins.
Preloading 0 native plugins for Editor in 0.00 ms.
Package Manager log level set to [2]
[Package Manager] Server::EnsureServerProcessIsRunning -- launch failed, reason: Unity was launched with the -noUpm command-line argument
[Package Manager] UpmClient::Send -- Unable to send message (not connected to UPM process).
[Package Manager] Cannot connect to Unity Package Manager local server
Mono: successfully reloaded assembly
[Package Manager] Server::EnsureServerProcessIsRunning -- launch failed, reason: Unity was launched with the -noUpm command-line argument
[Package Manager] UpmClient::Send -- Unable to send message (not connected to UPM process).
[Package Manager] Cannot connect to Unity Package Manager local server
[Package Manager] Server::EnsureServerProcessIsRunning -- launch failed, reason: Unity was launched with the -noUpm command-line argument
[Package Manager] UpmClient::Send -- Unable to send message (not connected to UPM process).
[Package Manager] Cannot connect to Unity Package Manager local server
- Completed reload, in  0.922 seconds
Domain Reload Profiling:
	ReloadAssembly (923ms)
		BeginReloadAssembly (89ms)
			ExecutionOrderSort (0ms)
			DisableScriptedObjects (4ms)
			BackupInstance (0ms)
			ReleaseScriptingObjects (0ms)
			CreateAndSetChildDomain (19ms)
		EndReloadAssembly (750ms)
			LoadAssemblies (65ms)
			RebuildTransferFunctionScriptingTraits (0ms)
			SetupTypeCache (218ms)
				TypeCache.Initialize (214ms)
					TypeCache.ScanAssembly (211ms)
				ResolveRequiredComponents (4ms)
			ReleaseScriptCaches (1ms)
			RebuildScriptCaches (41ms)
			SetupLoadedEditorAssemblies (390ms)
				LogAssemblyErrors (0ms)
				InitializePlatformSupportModulesInManaged (10ms)
				SetLoadedEditorAssemblies (4ms)
				RefreshPlugins (68ms)
				BeforeProcessingInitializeOnLoad (80ms)
				ProcessInitializeOnLoadAttributes (203ms)
				ProcessInitializeOnLoadMethodAttributes (19ms)
				AfterProcessingInitializeOnLoad (5ms)
				EditorAssembliesLoaded (0ms)
			ExecutionOrderSort2 (0ms)
			AwakeInstancesAfterBackupRestoration (4ms)
Platform modules already initialized, skipping
========================================================================
Worker process is ready to serve import requests
Launched and connected shader compiler UnityShaderCompiler.exe after 0.03 seconds
Refreshing native plugins compatible for Editor in 0.85 ms, found 9 plugins.
Preloading 0 native plugins for Editor in 0.00 ms.
Unloading 4577 Unused Serialized files (Serialized files now loaded: 0)
Unloading 49 unused Assets / (79.5 KB). Loaded Objects now: 5024.
Memory consumption went from 0.68 GB to 0.68 GB.
Total: 3.223200 ms (FindLiveObjects: 0.303100 ms CreateObjectMapping: 0.100000 ms MarkObjects: 2.739400 ms  DeleteObjects: 0.080100 ms)

AssetImportParameters requested are different than current active one (requested -> active):
  custom:video-decoder-ogg-theora: a1e56fd34408186e4bbccfd4996cb3dc -> 
  custom:container-muxer-webm: aa71ff27fc2769a1b78a27578f13a17b -> 
  custom:container-demuxer-webm: 4f35f7cbe854078d1ac9338744f61a02 -> 
  custom:video-encoder-webm-vp8: eb34c28f22e8b96e1ab97ce403110664 -> 
  custom:audio-encoder-webm-vorbis: bf7c407c2cedff20999df2af8eb42d56 -> 
  custom:framework-win-MediaFoundation: 216162199b28c13a410421893ffa2e32 -> 
  custom:container-demuxer-ogg: 62fdf1f143b41e24485cea50d1cbac27 -> 
  custom:video-decoder-webm-vp8: 9c59270c3fd7afecdb556c50c9e8de78 -> 
  custom:audio-decoder-ogg-vorbis: bf7c407c2cedff20999df2af8eb42d56 -> 
========================================================================
Received Import Request.
  Time since last request: 32985.102261 seconds.
  path: Assets/Materials/Textures/Liver and gall bladder.mat
  artifactKey: Guid(9ab41384af53ad843b4c39b848bf4cb7) Importer(815301076,1909f56bfc062723c751e8b465ee728b)
Start importing Assets/Materials/Textures/Liver and gall bladder.mat using Guid(9ab41384af53ad843b4c39b848bf4cb7) Importer(815301076,1909f56bfc062723c751e8b465ee728b)  -> (artifact id: '86b7d0a2b5405d7747ff5728f2912cb7') in 0.084973 seconds 
========================================================================
Received Import Request.
  Time since last request: 28.839027 seconds.
  path: Assets/Materials/Textures/bump map seamless texture.jpg
  artifactKey: Guid(1a79e34b2ce91ef469a6e0c8ed8b14e3) Importer(815301076,1909f56bfc062723c751e8b465ee728b)
Start importing Assets/Materials/Textures/bump map seamless texture.jpg using Guid(1a79e34b2ce91ef469a6e0c8ed8b14e3) Importer(815301076,1909f56bfc062723c751e8b465ee728b)  -> (artifact id: '1412c11250616d0d027f178f4ccdea45') in 0.090175 seconds 
========================================================================
Received Import Request.
  Time since last request: 33.787908 seconds.
  path: Assets/Models/liver exported for sketchfab - now with the fucking base colours included.fbx
  artifactKey: Guid(8ee70a81a1875d54f9d5f49075108117) Importer(815301076,1909f56bfc062723c751e8b465ee728b)
Start importing Assets/Models/liver exported for sketchfab - now with the fucking base colours included.fbx using Guid(8ee70a81a1875d54f9d5f49075108117) Importer(815301076,1909f56bfc062723c751e8b465ee728b)  -> (artifact id: 'c2862cfe3bef21f3b21baec3ca4eea87') in 0.490032 seconds 
========================================================================
Received Import Request.
  Time since last request: 31.005101 seconds.
  path: Assets/Models/liver exported for sketchfab - now with the fucking base colours included.fbx
  artifactKey: Guid(8ee70a81a1875d54f9d5f49075108117) Importer(815301076,1909f56bfc062723c751e8b465ee728b)
Start importing Assets/Models/liver exported for sketchfab - now with the fucking base colours included.fbx using Guid(8ee70a81a1875d54f9d5f49075108117) Importer(815301076,1909f56bfc062723c751e8b465ee728b)  -> (artifact id: 'bf8e6ea797a0e838a084fc5b7f4df91f') in 0.246536 seconds 
========================================================================
Received Import Request.
  Time since last request: 48.765850 seconds.
  path: Assets/Prefabs/liver exported for sketchfab - now with the fucking base colours included.prefab
  artifactKey: Guid(9816525d3a709a542a4065c2e24872e1) Importer(815301076,1909f56bfc062723c751e8b465ee728b)
Start importing Assets/Prefabs/liver exported for sketchfab - now with the fucking base colours included.prefab using Guid(9816525d3a709a542a4065c2e24872e1) Importer(815301076,1909f56bfc062723c751e8b465ee728b)  -> (artifact id: 'c52c22003f8fdf252073f07199bd21a0') in 0.295951 seconds 
========================================================================
Received Import Request.
  Time since last request: 107.454150 seconds.
  path: Assets/Icons 1/2 human organs coloring by freeject.net.png
  artifactKey: Guid(9ac3a7288028b054d83a2487cefef4cd) Importer(815301076,1909f56bfc062723c751e8b465ee728b)
Start importing Assets/Icons 1/2 human organs coloring by freeject.net.png using Guid(9ac3a7288028b054d83a2487cefef4cd) Importer(815301076,1909f56bfc062723c751e8b465ee728b)  -> (artifact id: '08e01bf681ad0f34d0e7fe256d566f92') in 0.169625 seconds 
========================================================================
Received Import Request.
  Time since last request: 92.547373 seconds.
  path: Assets/Prefabs/Lungs_12-11-2021 1.prefab
  artifactKey: Guid(9bc81528ab760f34dbe255d17d1993c4) Importer(815301076,1909f56bfc062723c751e8b465ee728b)
Start importing Assets/Prefabs/Lungs_12-11-2021 1.prefab using Guid(9bc81528ab760f34dbe255d17d1993c4) Importer(815301076,1909f56bfc062723c751e8b465ee728b)  -> (artifact id: '5ab9c7ac323f61e43c321d8c5b88cf9a') in 0.334759 seconds 
========================================================================
Received Import Request.
  Time since last request: 1.492203 seconds.
  path: Assets/Prefabs/Lungs_12-11-2021 1.prefab
  artifactKey: Guid(9bc81528ab760f34dbe255d17d1993c4) Importer(815301076,1909f56bfc062723c751e8b465ee728b)
Start importing Assets/Prefabs/Lungs_12-11-2021 1.prefab using Guid(9bc81528ab760f34dbe255d17d1993c4) Importer(815301076,1909f56bfc062723c751e8b465ee728b)  -> (artifact id: 'f4d7ba9712a5e6598aa31e5dcd8d182a') in 0.155228 seconds 
========================================================================
Received Prepare
Refreshing native plugins compatible for Editor in 6.29 ms, found 9 plugins.
Preloading 0 native plugins for Editor in 0.00 ms.
Unloading 38 Unused Serialized files (Serialized files now loaded: 0)
Unloading 38 unused Assets / (23.7 KB). Loaded Objects now: 5076.
Memory consumption went from 89.3 MB to 89.3 MB.
Total: 3.582500 ms (FindLiveObjects: 0.303500 ms CreateObjectMapping: 0.098400 ms MarkObjects: 3.155600 ms  DeleteObjects: 0.024700 ms)

AssetImportParameters requested are different than current active one (requested -> active):
  custom:video-decoder-ogg-theora: a1e56fd34408186e4bbccfd4996cb3dc -> 
  custom:container-muxer-webm: aa71ff27fc2769a1b78a27578f13a17b -> 
  custom:container-demuxer-webm: 4f35f7cbe854078d1ac9338744f61a02 -> 
  custom:video-encoder-webm-vp8: eb34c28f22e8b96e1ab97ce403110664 -> 
  custom:audio-encoder-webm-vorbis: bf7c407c2cedff20999df2af8eb42d56 -> 
  custom:framework-win-MediaFoundation: 216162199b28c13a410421893ffa2e32 -> 
  custom:container-demuxer-ogg: 62fdf1f143b41e24485cea50d1cbac27 -> 
  custom:video-decoder-webm-vp8: 9c59270c3fd7afecdb556c50c9e8de78 -> 
  custom:audio-decoder-ogg-vorbis: bf7c407c2cedff20999df2af8eb42d56 -> 
========================================================================
Received Import Request.
  Time since last request: 177.386399 seconds.
  path: Assets/Prefabs/digestive system.FBX
  artifactKey: Guid(e0a36302bfac3f34dbf4f0fcf2b56f49) Importer(815301076,1909f56bfc062723c751e8b465ee728b)
Start importing Assets/Prefabs/digestive system.FBX using Guid(e0a36302bfac3f34dbf4f0fcf2b56f49) Importer(815301076,1909f56bfc062723c751e8b465ee728b)  -> (artifact id: 'e224f2b68cb5cb8c918f58214b81e311') in 0.153321 seconds 
========================================================================
Received Import Request.
  Time since last request: 190.353077 seconds.
  path: Assets/Models/digestive system.prefab
  artifactKey: Guid(a38c393a31808bd4ebd127e98c97747d) Importer(815301076,1909f56bfc062723c751e8b465ee728b)
Start importing Assets/Models/digestive system.prefab using Guid(a38c393a31808bd4ebd127e98c97747d) Importer(815301076,1909f56bfc062723c751e8b465ee728b)  -> (artifact id: '97ecb0ca83a6a7dc5cfcf572f441173c') in 0.042360 seconds 
========================================================================
Received Import Request.
  Time since last request: 128.726840 seconds.
  path: Assets/Sounds
  artifactKey: Guid(d9fb964fd8b43144ca0543f2cff2de51) Importer(815301076,1909f56bfc062723c751e8b465ee728b)
Start importing Assets/Sounds using Guid(d9fb964fd8b43144ca0543f2cff2de51) Importer(815301076,1909f56bfc062723c751e8b465ee728b)  -> (artifact id: 'ee140b2771d5e14487f840c95e1d0760') in 0.004496 seconds 
========================================================================
Received Import Request.
  Time since last request: 78.537785 seconds.
  path: Assets/Sounds/brain (neurons).mp3
  artifactKey: Guid(42e699ba5b3f4204ba9ac1f1e24bffe1) Importer(815301076,1909f56bfc062723c751e8b465ee728b)
Start importing Assets/Sounds/brain (neurons).mp3 using Guid(42e699ba5b3f4204ba9ac1f1e24bffe1) Importer(815301076,1909f56bfc062723c751e8b465ee728b)  -> (artifact id: '94939ebc9382e9d79eba06040dced0fe') in 0.034092 seconds 
========================================================================
Received Import Request.
  Time since last request: 0.000026 seconds.
  path: Assets/Sounds/pancreas and spleen.mp3
  artifactKey: Guid(66a69f71e657f6541852c710ec2a3dc2) Importer(815301076,1909f56bfc062723c751e8b465ee728b)
Start importing Assets/Sounds/pancreas and spleen.mp3 using Guid(66a69f71e657f6541852c710ec2a3dc2) Importer(815301076,1909f56bfc062723c751e8b465ee728b)  -> (artifact id: '29202484d3caa5472f1c322cec76ccdc') in 0.012032 seconds 
========================================================================
Received Import Request.
  Time since last request: 0.000017 seconds.
  path: Assets/Sounds/liver.mp3
  artifactKey: Guid(c621422ab83897d4987566e85b860f78) Importer(815301076,1909f56bfc062723c751e8b465ee728b)
Start importing Assets/Sounds/liver.mp3 using Guid(c621422ab83897d4987566e85b860f78) Importer(815301076,1909f56bfc062723c751e8b465ee728b)  -> (artifact id: 'b6ac905628c95d061cc7bfc2d27564c3') in 0.012955 seconds 
========================================================================
Received Import Request.
  Time since last request: 0.000018 seconds.
  path: Assets/Sounds/skeleton.mp3
  artifactKey: Guid(81c31491556c9184286fa4728bd3427a) Importer(815301076,1909f56bfc062723c751e8b465ee728b)
Start importing Assets/Sounds/skeleton.mp3 using Guid(81c31491556c9184286fa4728bd3427a) Importer(815301076,1909f56bfc062723c751e8b465ee728b)  -> (artifact id: 'f68e8045aefed99a21e138cb005509e9') in 0.012780 seconds 
========================================================================
Received Import Request.
  Time since last request: 0.000027 seconds.
  path: Assets/Sounds/digestive system.mp3
  artifactKey: Guid(2a45d5c5d18cf2f4ea5e1bd90bbd3d23) Importer(815301076,1909f56bfc062723c751e8b465ee728b)
Start importing Assets/Sounds/digestive system.mp3 using Guid(2a45d5c5d18cf2f4ea5e1bd90bbd3d23) Importer(815301076,1909f56bfc062723c751e8b465ee728b)  -> (artifact id: '0775bf82eb3f8ff80a39811b5d9a883a') in 0.019879 seconds 
Editor requested this worker to shutdown with reason: Scaling down because of idle timeout
AssetImportWorker is now disconnected from the server
Process exiting
Exiting without the bug reporter. Application will terminate with return code 0